<?xml version="1.0" encoding="UTF-8"?>
<!-- Generated by org.testng.reporters.JUnitReportReporter -->
<testsuite hostname="DESKTOP-4369MQT" name="crm.testcases.LoginTest" tests="2" failures="0" timestamp="27 Jun 2017 17:34:26 GMT" time="0.019" errors="0">
  <testcase name="f" time="0.006" classname="crm.testcases.LoginTest"/>
  <testcase name="f" time="0.013" classname="crm.testcases.LoginTest"/>
</testsuite> <!-- crm.testcases.LoginTest -->
